POST /auth/login 200 34 - 161.433 ms
POST /posts 400 74 - 15.355 ms
POST /posts 400 48 - 7.614 ms
POST /posts 201 45 - 43.430 ms
POST /posts 401 51 - 31.933 ms
POST /auth/login 200 34 - 168.575 ms
POST /posts 201 45 - 30.970 ms
POST /posts 201 45 - 49.937 ms
GET /posts 200 171 - 17.624 ms
GET /posts 200 171 - 5.668 ms
GET /posts 200 171 - 16.190 ms
GET /posts 200 171 - 4.664 ms
POST /posts 201 45 - 72.297 ms
POST /posts 201 45 - 39.021 ms
POST /posts 201 45 - 27.025 ms
GET /posts 200 462 - 5.739 ms
POST /posts 401 51 - 1.820 ms
POST /auth/login 200 34 - 137.436 ms
POST /posts 201 45 - 34.254 ms
POST /posts 201 45 - 35.254 ms
POST /posts 201 45 - 22.748 ms
GET /posts 200 315 - 5.320 ms
GET /posts 200 171 - 20.810 ms
GET /posts?page=1 200 461 - 27.199 ms
GET /posts 200 461 - 7.838 ms
GET /posts 200 461 - 18.455 ms
GET /posts 200 461 - 7.437 ms
GET /posts 200 461 - 24.241 ms
GET /posts?page=1 200 461 - 11.728 ms
GET /posts?page=1 400 48 - 11.765 ms
GET /posts?page=1&draft=true 200 315 - 10.089 ms
GET /posts?page=1&draft=false 200 171 - 15.468 ms
GET /posts?page=1&draft=true 200 315 - 3.733 ms
GET /posts?page=1 400 48 - 2.658 ms
GET /posts?page=1&draft=true 200 315 - 4.677 ms
GET /posts?draft=true 200 315 - 5.956 ms
GET /posts?draft=true 200 315 - 22.931 ms
GET /posts 200 171 - 21.510 ms
GET /posts?draft=false 200 171 - 7.795 ms
GET /posts?draft=true 200 315 - 9.415 ms
GET /posts?draft=%EC%9D%91 200 171 - 15.242 ms
GET /posts?draft=true 200 315 - 5.024 ms
GET /docs/ 304 - - 6.012 ms
GET /docs/swagger-ui.css 200 152071 - 5.869 ms
GET /docs/swagger-ui-bundle.js 200 1452753 - 3.572 ms
GET /docs/swagger-ui-standalone-preset.js 200 230293 - 2.253 ms
GET /docs/swagger-ui-init.js 200 64534 - 1.232 ms
